# JRE version: OpenJDK Runtime Environment (8.0_212-b04) (build 1.8.0_212-release-1586-b04)
# Java VM: OpenJDK 64-Bit Server VM (25.212-b04 mixed mode windows-amd64 compressed oops)
Heap:
 PSYoungGen      total 478720K, used 153419K [0x00000000e0000000, 0x00000000ff980000, 0x0000000100000000)
  eden space 440320K, 32% used [0x00000000e0000000,0x00000000e8ab33c0,0x00000000fae00000)
  from space 38400K, 29% used [0x00000000fae00000,0x00000000fb91f9f8,0x00000000fd380000)
  to   space 38912K, 0% used [0x00000000fd380000,0x00000000fd380000,0x00000000ff980000)
 ParOldGen       total 178688K, used 67497K [0x00000000a0000000, 0x00000000aae80000, 0x00000000e0000000)
  object space 178688K, 37% used [0x00000000a0000000,0x00000000a41ea6f8,0x00000000aae80000)
 Metaspace       used 94503K, capacity 99060K, committed 102784K, reserved 1138688K
  class space    used 12224K, capacity 13112K, committed 13952K, reserved 1048576K
GC Heap History (10 events):
Event: 3773.477 GC heap before
{Heap before GC invocations=23 (full 3):
 PSYoungGen      total 315392K, used 315148K [0x00000000e0000000, 0x00000000fa500000, 0x0000000100000000)
  eden space 277504K, 100% used [0x00000000e0000000,0x00000000f0f00000,0x00000000f0f00000)
  from space 37888K, 99% used [0x00000000f0f00000,0x00000000f33c3088,0x00000000f3400000)
  to   space 43008K, 0% used [0x00000000f7b00000,0x00000000f7b00000,0x00000000fa500000)
 ParOldGen       total 134656K, used 77855K [0x00000000a0000000, 0x00000000a8380000, 0x00000000e0000000)
  object space 134656K, 57% used [0x00000000a0000000,0x00000000a4c07e80,0x00000000a8380000)
 Metaspace       used 87300K, capacity 92574K, committed 92800K, reserved 1130496K
  class space    used 11327K, capacity 12384K, committed 12416K, reserved 1048576K
Event: 3773.520 GC heap after
Heap after GC invocations=23 (full 3):
 PSYoungGen      total 388096K, used 7719K [0x00000000e0000000, 0x00000000fb380000, 0x0000000100000000)
  eden space 345088K, 0% used [0x00000000e0000000,0x00000000e0000000,0x00000000f5100000)
  from space 43008K, 17% used [0x00000000f7b00000,0x00000000f8289df8,0x00000000fa500000)
  to   space 43008K, 0% used [0x00000000f5100000,0x00000000f5100000,0x00000000f7b00000)
 ParOldGen       total 134656K, used 106780K [0x00000000a0000000, 0x00000000a8380000, 0x00000000e0000000)
  object space 134656K, 79% used [0x00000000a0000000,0x00000000a6847040,0x00000000a8380000)
 Metaspace       used 87300K, capacity 92574K, committed 92800K, reserved 1130496K
  class space    used 11327K, capacity 12384K, committed 12416K, reserved 1048576K
}
Event: 3775.259 GC heap before
{Heap before GC invocations=24 (full 3):
 PSYoungGen      total 388096K, used 251808K [0x00000000e0000000, 0x00000000fb380000, 0x0000000100000000)
  eden space 345088K, 70% used [0x00000000e0000000,0x00000000eee5e5a0,0x00000000f5100000)
  from space 43008K, 17% used [0x00000000f7b00000,0x00000000f8289df8,0x00000000fa500000)
  to   space 43008K, 0% used [0x00000000f5100000,0x00000000f5100000,0x00000000f7b00000)
 ParOldGen       total 134656K, used 106780K [0x00000000a0000000, 0x00000000a8380000, 0x00000000e0000000)
  object space 134656K, 79% used [0x00000000a0000000,0x00000000a6847040,0x00000000a8380000)
 Metaspace       used 92116K, capacity 98506K, committed 98600K, reserved 1134592K
  class space    used 12141K, capacity 13362K, committed 13440K, reserved 1048576K
Event: 3775.274 GC heap after
Heap after GC invocations=24 (full 3):
 PSYoungGen      total 388096K, used 16521K [0x00000000e0000000, 0x00000000ffb00000, 0x0000000100000000)
  eden space 345088K, 0% used [0x00000000e0000000,0x00000000e0000000,0x00000000f5100000)
  from space 43008K, 38% used [0x00000000f5100000,0x00000000f6122460,0x00000000f7b00000)
  to   space 40448K, 0% used [0x00000000fd380000,0x00000000fd380000,0x00000000ffb00000)
 ParOldGen       total 134656K, used 112047K [0x00000000a0000000, 0x00000000a8380000, 0x00000000e0000000)
  object space 134656K, 83% used [0x00000000a0000000,0x00000000a6d6bdd8,0x00000000a8380000)
 Metaspace       used 92116K, capacity 98506K, committed 98600K, reserved 1134592K
  class space    used 12141K, capacity 13362K, committed 13440K, reserved 1048576K
}
Event: 3775.274 GC heap before
{Heap before GC invocations=25 (full 4):
 PSYoungGen      total 388096K, used 16521K [0x00000000e0000000, 0x00000000ffb00000, 0x0000000100000000)
  eden space 345088K, 0% used [0x00000000e0000000,0x00000000e0000000,0x00000000f5100000)
  from space 43008K, 38% used [0x00000000f5100000,0x00000000f6122460,0x00000000f7b00000)
  to   space 40448K, 0% used [0x00000000fd380000,0x00000000fd380000,0x00000000ffb00000)
 ParOldGen       total 134656K, used 112047K [0x00000000a0000000, 0x00000000a8380000, 0x00000000e0000000)
  object space 134656K, 83% used [0x00000000a0000000,0x00000000a6d6bdd8,0x00000000a8380000)
 Metaspace       used 92116K, capacity 98506K, committed 98600K, reserved 1134592K
  class space    used 12141K, capacity 13362K, committed 13440K, reserved 1048576K
Event: 3775.418 GC heap after
Heap after GC invocations=25 (full 4):
 PSYoungGen      total 388096K, used 0K [0x00000000e0000000, 0x00000000ffb00000, 0x0000000100000000)
  eden space 345088K, 0% used [0x00000000e0000000,0x00000000e0000000,0x00000000f5100000)
  from space 43008K, 0% used [0x00000000f5100000,0x00000000f5100000,0x00000000f7b00000)
  to   space 40448K, 0% used [0x00000000fd380000,0x00000000fd380000,0x00000000ffb00000)
 ParOldGen       total 178688K, used 58466K [0x00000000a0000000, 0x00000000aae80000, 0x00000000e0000000)
  object space 178688K, 32% used [0x00000000a0000000,0x00000000a3918830,0x00000000aae80000)
 Metaspace       used 89525K, capacity 92394K, committed 98600K, reserved 1134592K
  class space    used 11424K, capacity 12069K, committed 13440K, reserved 1048576K
}
Event: 3776.334 GC heap before
{Heap before GC invocations=26 (full 4):
 PSYoungGen      total 388096K, used 345088K [0x00000000e0000000, 0x00000000ffb00000, 0x0000000100000000)
  eden space 345088K, 100% used [0x00000000e0000000,0x00000000f5100000,0x00000000f5100000)
  from space 43008K, 0% used [0x00000000f5100000,0x00000000f5100000,0x00000000f7b00000)
  to   space 40448K, 0% used [0x00000000fd380000,0x00000000fd380000,0x00000000ffb00000)
 ParOldGen       total 178688K, used 58466K [0x00000000a0000000, 0x00000000aae80000, 0x00000000e0000000)
  object space 178688K, 32% used [0x00000000a0000000,0x00000000a3918830,0x00000000aae80000)
 Metaspace       used 94157K, capacity 98684K, committed 102144K, reserved 1138688K
  class space    used 12214K, capacity 13080K, committed 13824K, reserved 1048576K
Event: 3776.347 GC heap after
Heap after GC invocations=26 (full 4):
 PSYoungGen      total 479232K, used 16509K [0x00000000e0000000, 0x00000000ff980000, 0x0000000100000000)
  eden space 440320K, 0% used [0x00000000e0000000,0x00000000e0000000,0x00000000fae00000)
  from space 38912K, 42% used [0x00000000fd380000,0x00000000fe39f610,0x00000000ff980000)
  to   space 38400K, 0% used [0x00000000fae00000,0x00000000fae00000,0x00000000fd380000)
 ParOldGen       total 178688K, used 58474K [0x00000000a0000000, 0x00000000aae80000, 0x00000000e0000000)
  object space 178688K, 32% used [0x00000000a0000000,0x00000000a391a830,0x00000000aae80000)
 Metaspace       used 94157K, capacity 98684K, committed 102144K, reserved 1138688K
  class space    used 12214K, capacity 13080K, committed 13824K, reserved 1048576K
}
Event: 3777.004 GC heap before
{Heap before GC invocations=27 (full 4):
 PSYoungGen      total 479232K, used 456829K [0x00000000e0000000, 0x00000000ff980000, 0x0000000100000000)
  eden space 440320K, 100% used [0x00000000e0000000,0x00000000fae00000,0x00000000fae00000)
  from space 38912K, 42% used [0x00000000fd380000,0x00000000fe39f610,0x00000000ff980000)
  to   space 38400K, 0% used [0x00000000fae00000,0x00000000fae00000,0x00000000fd380000)
 ParOldGen       total 178688K, used 58474K [0x00000000a0000000, 0x00000000aae80000, 0x00000000e0000000)
  object space 178688K, 32% used [0x00000000a0000000,0x00000000a391a830,0x00000000aae80000)
 Metaspace       used 94409K, capacity 98912K, committed 102528K, reserved 1138688K
  class space    used 12224K, capacity 13112K, committed 13952K, reserved 1048576K
Event: 3777.022 GC heap after
Heap after GC invocations=27 (full 4):
 PSYoungGen      total 478720K, used 11390K [0x00000000e0000000, 0x00000000ff980000, 0x0000000100000000)
  eden space 440320K, 0% used [0x00000000e0000000,0x00000000e0000000,0x00000000fae00000)
  from space 38400K, 29% used [0x00000000fae00000,0x00000000fb91f9f8,0x00000000fd380000)
  to   space 38912K, 0% used [0x00000000fd380000,0x00000000fd380000,0x00000000ff980000)
 ParOldGen       total 178688K, used 67497K [0x00000000a0000000, 0x00000000aae80000, 0x00000000e0000000)
  object space 178688K, 37% used [0x00000000a0000000,0x00000000a41ea6f8,0x00000000aae80000)
 Metaspace       used 94409K, capacity 98912K, committed 102528K, reserved 1138688K
  class space    used 12224K, capacity 13112K, committed 13952K, reserved 1048576K
}

